<?xml version="1.0" encoding="UTF-8"?>
<!-- Generated by org.testng.reporters.JUnitReportReporter -->
<testsuite hostname="AcharyaFamily" failures="0" tests="1" name="testCases.TC001_AccountRegistrationTest" time="3.071" errors="0" timestamp="2024-12-18T12:38:36 IST" skipped="0">
  <testcase classname="testCases.TC001_AccountRegistrationTest" name="verify_account_registration" time="3.071"/>
</testsuite> <!-- testCases.TC001_AccountRegistrationTest -->
